<?xml version="1.0" encoding="UTF-8"?>
<!-- Generated by org.testng.reporters.JUnitReportReporter -->
<testsuite hostname="Nidhis-MacBook-Air.local" failures="0" tests="9" name="com.employeeapi.testCases.TC001_GET_AllEmployees" time="0.102" errors="0" timestamp="2023-03-19T14:29:28 EDT" skipped="0">
  <testcase classname="com.employeeapi.testCases.TC001_GET_AllEmployees" name="checkserverType" time="0.003"/>
  <system-out/>
  <testcase classname="com.employeeapi.testCases.TC001_GET_AllEmployees" name="checkStatusLine" time="0.001"/>
  <system-out/>
  <testcase classname="com.employeeapi.testCases.TC001_GET_AllEmployees" name="checkResponseTime" time="0.004"/>
  <system-out/>
  <testcase classname="com.employeeapi.testCases.TC001_GET_AllEmployees" name="cookies" time="0.002"/>
  <system-out/>
  <testcase classname="com.employeeapi.testCases.TC001_GET_AllEmployees" name="checkEncoding" time="0.004"/>
  <system-out/>
  <testcase classname="com.employeeapi.testCases.TC001_GET_AllEmployees" name="checkStatusCode" time="0.001"/>
  <system-out/>
  <testcase classname="com.employeeapi.testCases.TC001_GET_AllEmployees" name="checkResponseBody" time="0.066"/>
  <system-out/>
  <testcase classname="com.employeeapi.testCases.TC001_GET_AllEmployees" name="checkContentType" time="0.019"/>
  <system-out/>
  <testcase classname="com.employeeapi.testCases.TC001_GET_AllEmployees" name="contentLenght" time="0.002"/>
  <system-out/>
</testsuite> <!-- com.employeeapi.testCases.TC001_GET_AllEmployees -->
