<?xml version="1.0" encoding="UTF-8"?>
<!-- Generated by org.testng.reporters.JUnitReportReporter -->
<testsuite hostname="DESKTOP-GNDE67A" failures="0" tests="9" name="com.employeeapi.testCases.TC001_GET_AllEmployees" time="0.125" errors="0" timestamp="2022-12-19T14:00:18 EST" skipped="0">
  <testcase classname="com.employeeapi.testCases.TC001_GET_AllEmployees" name="checkResponseBody" time="0.090"/>
  <system-out/>
  <testcase classname="com.employeeapi.testCases.TC001_GET_AllEmployees" name="checkEncoding" time="0.003"/>
  <system-out/>
  <testcase classname="com.employeeapi.testCases.TC001_GET_AllEmployees" name="cookies" time="0.002"/>
  <system-out/>
  <testcase classname="com.employeeapi.testCases.TC001_GET_AllEmployees" name="checkContentType" time="0.011"/>
  <system-out/>
  <testcase classname="com.employeeapi.testCases.TC001_GET_AllEmployees" name="checkserverType" time="0.004"/>
  <system-out/>
  <testcase classname="com.employeeapi.testCases.TC001_GET_AllEmployees" name="checkStatusCode" time="0.003"/>
  <system-out/>
  <testcase classname="com.employeeapi.testCases.TC001_GET_AllEmployees" name="contentLenght" time="0.006"/>
  <system-out/>
  <testcase classname="com.employeeapi.testCases.TC001_GET_AllEmployees" name="checkResponseTime" time="0.003"/>
  <system-out/>
  <testcase classname="com.employeeapi.testCases.TC001_GET_AllEmployees" name="checkStatusLine" time="0.003"/>
  <system-out/>
</testsuite> <!-- com.employeeapi.testCases.TC001_GET_AllEmployees -->
