<?xml version="1.0" encoding="UTF-8"?>
<!-- Generated by org.testng.reporters.JUnitReportReporter -->
<testsuite hostname="DESKTOP-GNDE67A" failures="0" tests="9" name="com.employeeapi.testCases.TC002_GET_Single_Employee" time="2.023" errors="0" timestamp="2022-12-19T14:29:46 EST" skipped="0">
  <testcase classname="com.employeeapi.testCases.TC002_GET_Single_Employee" name="checkStatusCode" time="0.001"/>
  <system-out/>
  <testcase classname="com.employeeapi.testCases.TC002_GET_Single_Employee" name="contentLenght" time="0.002"/>
  <system-out/>
  <testcase classname="com.employeeapi.testCases.TC002_GET_Single_Employee" name="checkResponseBody" time="2.010"/>
  <system-out/>
  <testcase classname="com.employeeapi.testCases.TC002_GET_Single_Employee" name="checkContentType" time="0.003"/>
  <system-out/>
  <testcase classname="com.employeeapi.testCases.TC002_GET_Single_Employee" name="checkResponseTime" time="0.002"/>
  <system-out/>
  <testcase classname="com.employeeapi.testCases.TC002_GET_Single_Employee" name="checkEncoding" time="0.001"/>
  <system-out/>
  <testcase classname="com.employeeapi.testCases.TC002_GET_Single_Employee" name="cookies" time="0.002"/>
  <system-out/>
  <testcase classname="com.employeeapi.testCases.TC002_GET_Single_Employee" name="checkStatusLine" time="0.001"/>
  <system-out/>
  <testcase classname="com.employeeapi.testCases.TC002_GET_Single_Employee" name="checkserverType" time="0.001"/>
  <system-out/>
</testsuite> <!-- com.employeeapi.testCases.TC002_GET_Single_Employee -->
