<?xml version="1.0" encoding="UTF-8"?>
<!-- Generated by org.testng.reporters.JUnitReportReporter -->
<testsuite hostname="DESKTOP-GNDE67A" failures="0" tests="8" name="com.employeeapi.testCases.TC003_POST_Create_Employee" time="0.011" errors="0" timestamp="2022-12-19T14:29:46 EST" skipped="0">
  <testcase classname="com.employeeapi.testCases.TC003_POST_Create_Employee" name="checkingBody" time="0.002"/>
  <system-out/>
  <testcase classname="com.employeeapi.testCases.TC003_POST_Create_Employee" name="checkStatusCode" time="0.002"/>
  <system-out/>
  <testcase classname="com.employeeapi.testCases.TC003_POST_Create_Employee" name="checkStatusLine" time="0.001"/>
  <system-out/>
  <testcase classname="com.employeeapi.testCases.TC003_POST_Create_Employee" name="checkContentType" time="0.001"/>
  <system-out/>
  <testcase classname="com.employeeapi.testCases.TC003_POST_Create_Employee" name="checkserverType" time="0.001"/>
  <system-out/>
  <testcase classname="com.employeeapi.testCases.TC003_POST_Create_Employee" name="checkEncoding" time="0.001"/>
  <system-out/>
  <testcase classname="com.employeeapi.testCases.TC003_POST_Create_Employee" name="contentLenght" time="0.001"/>
  <system-out/>
  <testcase classname="com.employeeapi.testCases.TC003_POST_Create_Employee" name="cookies" time="0.002"/>
  <system-out/>
</testsuite> <!-- com.employeeapi.testCases.TC003_POST_Create_Employee -->
